<?xml version="1.0" encoding="UTF-8"?>
<robot generator="Robot 3.1.1 (Python 3.7.3 on win32)" generated="20190620 16:19:32.178" rpa="false">
<suite id="s1" name="百度搜索" source="E:\workspace\Lucky\logs\3\2\testcase.robot">
<kw name="Set Screenshot Directory" library="SeleniumLibrary" type="setup">
<doc>Sets the directory for captured screenshots.</doc>
<arguments>
<arg>E:/workspace/Lucky/logs/3/2/images</arg>
</arguments>
<status status="PASS" starttime="20190620 16:19:32.558" endtime="20190620 16:19:32.558"></status>
</kw>
<test id="s1-t1" name="2-2 初始化套件.初始化用例">
<kw name="Open Browser" library="SeleniumLibrary">
<doc>Opens a new browser instance to the given ``url``.</doc>
<arguments>
<arg>${URL}</arg>
<arg>${BROWSER}</arg>
</arguments>
<msg timestamp="20190620 16:19:32.560" level="INFO">Opening browser 'Chrome' to base url 'https://www.baidu.com'.</msg>
<msg timestamp="20190620 16:19:33.106" level="DEBUG">POST http://127.0.0.1:53598/session {"capabilities": {"firstMatch": [{}], "alwaysMatch": {"browserName": "chrome", "platformName": "any", "goog:chromeOptions": {"extensions": [], "args": []}}}, "desiredCapabilities": {"browserName": "chrome", "version": "", "platform": "ANY", "goog:chromeOptions": {"extensions": [], "args": []}}}</msg>
<msg timestamp="20190620 16:19:33.108" level="DEBUG">Starting new HTTP connection (1): 127.0.0.1:53598</msg>
<msg timestamp="20190620 16:19:35.137" level="DEBUG">http://127.0.0.1:53598 "POST /session HTTP/1.1" 200 1025</msg>
<msg timestamp="20190620 16:19:35.137" level="DEBUG">Finished Request</msg>
<msg timestamp="20190620 16:19:35.137" level="DEBUG">POST http://127.0.0.1:53598/session/024b53e76ac7bf8e01026a0b51b7e2d6/timeouts/async_script {"ms": 5000.0, "sessionId": "024b53e76ac7bf8e01026a0b51b7e2d6"}</msg>
<msg timestamp="20190620 16:19:35.137" level="DEBUG">http://127.0.0.1:53598 "POST /session/024b53e76ac7bf8e01026a0b51b7e2d6/timeouts/async_script HTTP/1.1" 200 72</msg>
<msg timestamp="20190620 16:19:35.137" level="DEBUG">Finished Request</msg>
<msg timestamp="20190620 16:19:35.137" level="DEBUG">POST http://127.0.0.1:53598/session/024b53e76ac7bf8e01026a0b51b7e2d6/timeouts/implicit_wait {"ms": 0.0, "sessionId": "024b53e76ac7bf8e01026a0b51b7e2d6"}</msg>
<msg timestamp="20190620 16:19:35.137" level="DEBUG">http://127.0.0.1:53598 "POST /session/024b53e76ac7bf8e01026a0b51b7e2d6/timeouts/implicit_wait HTTP/1.1" 200 72</msg>
<msg timestamp="20190620 16:19:35.137" level="DEBUG">Finished Request</msg>
<msg timestamp="20190620 16:19:35.137" level="DEBUG">POST http://127.0.0.1:53598/session/024b53e76ac7bf8e01026a0b51b7e2d6/url {"url": "https://www.baidu.com", "sessionId": "024b53e76ac7bf8e01026a0b51b7e2d6"}</msg>
<msg timestamp="20190620 16:19:35.833" level="DEBUG">http://127.0.0.1:53598 "POST /session/024b53e76ac7bf8e01026a0b51b7e2d6/url HTTP/1.1" 200 72</msg>
<msg timestamp="20190620 16:19:35.833" level="DEBUG">Finished Request</msg>
<msg timestamp="20190620 16:19:35.834" level="DEBUG">Opened browser with session id 024b53e76ac7bf8e01026a0b51b7e2d6.</msg>
<status status="PASS" starttime="20190620 16:19:32.560" endtime="20190620 16:19:35.834"></status>
</kw>
<kw name="Maximize Browser Window" library="SeleniumLibrary">
<doc>Maximizes current browser window.</doc>
<msg timestamp="20190620 16:19:35.835" level="DEBUG">POST http://127.0.0.1:53598/session/024b53e76ac7bf8e01026a0b51b7e2d6/window/current/maximize {"windowHandle": "current", "sessionId": "024b53e76ac7bf8e01026a0b51b7e2d6"}</msg>
<msg timestamp="20190620 16:19:36.965" level="DEBUG">http://127.0.0.1:53598 "POST /session/024b53e76ac7bf8e01026a0b51b7e2d6/window/current/maximize HTTP/1.1" 200 110</msg>
<msg timestamp="20190620 16:19:36.966" level="DEBUG">Finished Request</msg>
<status status="PASS" starttime="20190620 16:19:35.834" endtime="20190620 16:19:36.966"></status>
</kw>
<status status="PASS" starttime="20190620 16:19:32.559" endtime="20190620 16:19:36.966" critical="yes"></status>
</test>
<test id="s1-t2" name="3-3 测试业务套件.测试用例">
<kw name="Input Text" library="SeleniumLibrary">
<doc>Types the given ``text`` into text field identified by ``locator``.</doc>
<arguments>
<arg>${input_kw}</arg>
<arg>${search_word}</arg>
</arguments>
<msg timestamp="20190620 16:19:36.969" level="INFO">Typing text '华为' into text field 'id=kw'.</msg>
<msg timestamp="20190620 16:19:36.969" level="DEBUG">POST http://127.0.0.1:53598/session/024b53e76ac7bf8e01026a0b51b7e2d6/elements {"using": "id", "value": "kw", "sessionId": "024b53e76ac7bf8e01026a0b51b7e2d6"}</msg>
<msg timestamp="20190620 16:19:36.985" level="DEBUG">http://127.0.0.1:53598 "POST /session/024b53e76ac7bf8e01026a0b51b7e2d6/elements HTTP/1.1" 200 104</msg>
<msg timestamp="20190620 16:19:36.985" level="DEBUG">Finished Request</msg>
<msg timestamp="20190620 16:19:36.985" level="DEBUG">POST http://127.0.0.1:53598/session/024b53e76ac7bf8e01026a0b51b7e2d6/element/0.3722483794167357-1/clear {"id": "0.3722483794167357-1", "sessionId": "024b53e76ac7bf8e01026a0b51b7e2d6"}</msg>
<msg timestamp="20190620 16:19:37.008" level="DEBUG">http://127.0.0.1:53598 "POST /session/024b53e76ac7bf8e01026a0b51b7e2d6/element/0.3722483794167357-1/clear HTTP/1.1" 200 72</msg>
<msg timestamp="20190620 16:19:37.008" level="DEBUG">Finished Request</msg>
<msg timestamp="20190620 16:19:37.009" level="DEBUG">POST http://127.0.0.1:53598/session/024b53e76ac7bf8e01026a0b51b7e2d6/element/0.3722483794167357-1/value {"text": "\u534e\u4e3a", "value": ["\u534e", "\u4e3a"], "id": "0.3722483794167357-1", "sessionId": "024b53e76ac7bf8e01026a0b51b7e2d6"}</msg>
<msg timestamp="20190620 16:19:37.083" level="DEBUG">http://127.0.0.1:53598 "POST /session/024b53e76ac7bf8e01026a0b51b7e2d6/element/0.3722483794167357-1/value HTTP/1.1" 200 72</msg>
<msg timestamp="20190620 16:19:37.084" level="DEBUG">Finished Request</msg>
<status status="PASS" starttime="20190620 16:19:36.968" endtime="20190620 16:19:37.084"></status>
</kw>
<kw name="Sleep" library="BuiltIn">
<doc>Pauses the test executed for the given time.</doc>
<arguments>
<arg>2</arg>
</arguments>
<msg timestamp="20190620 16:19:39.085" level="INFO">Slept 2 seconds</msg>
<status status="PASS" starttime="20190620 16:19:37.084" endtime="20190620 16:19:39.085"></status>
</kw>
<kw name="Capture Page Screenshot" library="SeleniumLibrary">
<doc>Takes screenshot of the current page and embeds it into log file.</doc>
<msg timestamp="20190620 16:19:39.086" level="DEBUG">GET http://127.0.0.1:53598/session/024b53e76ac7bf8e01026a0b51b7e2d6/screenshot {"sessionId": "024b53e76ac7bf8e01026a0b51b7e2d6"}</msg>
<msg timestamp="20190620 16:19:39.529" level="DEBUG">http://127.0.0.1:53598 "GET /session/024b53e76ac7bf8e01026a0b51b7e2d6/screenshot HTTP/1.1" 200 645574</msg>
<msg timestamp="20190620 16:19:39.533" level="DEBUG">Finished Request</msg>
<msg timestamp="20190620 16:19:39.536" level="INFO" html="yes">&lt;/td&gt;&lt;/tr&gt;&lt;tr&gt;&lt;td colspan="3"&gt;&lt;a href="images/selenium-screenshot-1.png"&gt;&lt;img src="images/selenium-screenshot-1.png" width="800px"&gt;&lt;/a&gt;</msg>
<status status="PASS" starttime="20190620 16:19:39.085" endtime="20190620 16:19:39.537"></status>
</kw>
<kw name="Sleep" library="BuiltIn">
<doc>Pauses the test executed for the given time.</doc>
<arguments>
<arg>5</arg>
</arguments>
<msg timestamp="20190620 16:19:44.538" level="INFO">Slept 5 seconds</msg>
<status status="PASS" starttime="20190620 16:19:39.537" endtime="20190620 16:19:44.538"></status>
</kw>
<kw name="Click Element" library="SeleniumLibrary">
<doc>Click element identified by ``locator``.</doc>
<arguments>
<arg>${search_btn}</arg>
</arguments>
<msg timestamp="20190620 16:19:44.538" level="INFO">Clicking element 'id=su'.</msg>
<msg timestamp="20190620 16:19:44.538" level="DEBUG">POST http://127.0.0.1:53598/session/024b53e76ac7bf8e01026a0b51b7e2d6/elements {"using": "id", "value": "su", "sessionId": "024b53e76ac7bf8e01026a0b51b7e2d6"}</msg>
<msg timestamp="20190620 16:19:44.549" level="DEBUG">http://127.0.0.1:53598 "POST /session/024b53e76ac7bf8e01026a0b51b7e2d6/elements HTTP/1.1" 200 104</msg>
<msg timestamp="20190620 16:19:44.549" level="DEBUG">Finished Request</msg>
<msg timestamp="20190620 16:19:44.549" level="DEBUG">POST http://127.0.0.1:53598/session/024b53e76ac7bf8e01026a0b51b7e2d6/element/0.3722483794167357-2/click {"id": "0.3722483794167357-2", "sessionId": "024b53e76ac7bf8e01026a0b51b7e2d6"}</msg>
<msg timestamp="20190620 16:19:44.619" level="DEBUG">http://127.0.0.1:53598 "POST /session/024b53e76ac7bf8e01026a0b51b7e2d6/element/0.3722483794167357-2/click HTTP/1.1" 200 72</msg>
<msg timestamp="20190620 16:19:44.620" level="DEBUG">Finished Request</msg>
<status status="PASS" starttime="20190620 16:19:44.538" endtime="20190620 16:19:44.620"></status>
</kw>
<kw name="Sleep" library="BuiltIn">
<doc>Pauses the test executed for the given time.</doc>
<arguments>
<arg>2</arg>
</arguments>
<msg timestamp="20190620 16:19:46.632" level="INFO">Slept 2 seconds</msg>
<status status="PASS" starttime="20190620 16:19:44.620" endtime="20190620 16:19:46.633"></status>
</kw>
<status status="PASS" starttime="20190620 16:19:36.967" endtime="20190620 16:19:46.633" critical="yes"></status>
</test>
<test id="s1-t3" name="3-4 测试业务套件.断言用例">
<kw name="Get Title" library="SeleniumLibrary">
<doc>Returns the title of current page.</doc>
<assign>
<var>${title}</var>
</assign>
<msg timestamp="20190620 16:19:46.634" level="DEBUG">GET http://127.0.0.1:53598/session/024b53e76ac7bf8e01026a0b51b7e2d6/title {"sessionId": "024b53e76ac7bf8e01026a0b51b7e2d6"}</msg>
<msg timestamp="20190620 16:19:46.649" level="DEBUG">http://127.0.0.1:53598 "GET /session/024b53e76ac7bf8e01026a0b51b7e2d6/title HTTP/1.1" 200 89</msg>
<msg timestamp="20190620 16:19:46.649" level="DEBUG">Finished Request</msg>
<msg timestamp="20190620 16:19:46.649" level="INFO">${title} = 华为_百度搜索</msg>
<status status="PASS" starttime="20190620 16:19:46.634" endtime="20190620 16:19:46.649"></status>
</kw>
<kw name="Should Be Equal" library="BuiltIn">
<doc>Fails if the given objects are unequal.</doc>
<arguments>
<arg>${title}</arg>
<arg>${search_result_title}</arg>
</arguments>
<msg timestamp="20190620 16:19:46.649" level="DEBUG">Argument types are:
&lt;type 'unicode'&gt;
&lt;type 'unicode'&gt;</msg>
<status status="PASS" starttime="20190620 16:19:46.649" endtime="20190620 16:19:46.649"></status>
</kw>
<status status="PASS" starttime="20190620 16:19:46.634" endtime="20190620 16:19:46.649" critical="yes"></status>
</test>
<test id="s1-t4" name="4-5 清理套件.清理用例">
<kw name="Close Browser" library="SeleniumLibrary">
<doc>Closes the current browser.</doc>
<msg timestamp="20190620 16:19:46.665" level="DEBUG">Closing browser with session id 024b53e76ac7bf8e01026a0b51b7e2d6.</msg>
<msg timestamp="20190620 16:19:46.665" level="DEBUG">DELETE http://127.0.0.1:53598/session/024b53e76ac7bf8e01026a0b51b7e2d6 {"sessionId": "024b53e76ac7bf8e01026a0b51b7e2d6"}</msg>
<msg timestamp="20190620 16:19:46.681" level="DEBUG">http://127.0.0.1:53598 "DELETE /session/024b53e76ac7bf8e01026a0b51b7e2d6 HTTP/1.1" 200 72</msg>
<msg timestamp="20190620 16:19:46.681" level="DEBUG">Finished Request</msg>
<status status="PASS" starttime="20190620 16:19:46.649" endtime="20190620 16:19:49.042"></status>
</kw>
<status status="PASS" starttime="20190620 16:19:46.649" endtime="20190620 16:19:49.043" critical="yes"></status>
</test>
<kw name="Close All Browsers" library="SeleniumLibrary" type="teardown">
<doc>Closes all open browsers and resets the browser cache.</doc>
<msg timestamp="20190620 16:19:49.046" level="DEBUG">Closing all browsers.</msg>
<status status="PASS" starttime="20190620 16:19:49.046" endtime="20190620 16:19:49.047"></status>
</kw>
<status status="PASS" starttime="20190620 16:19:32.179" endtime="20190620 16:19:49.047"></status>
</suite>
<statistics>
<total>
<stat pass="4" fail="0">Critical Tests</stat>
<stat pass="4" fail="0">All Tests</stat>
</total>
<tag>
</tag>
<suite>
<stat pass="4" fail="0" id="s1" name="百度搜索">百度搜索</stat>
</suite>
</statistics>
<errors>
</errors>
</robot>
