<?xml version="1.0" encoding="UTF-8"?>
<robot generator="Robot 3.1.1 (Python 3.7.3 on win32)" generated="20190620 16:28:44.046" rpa="false">
<suite id="s1" name="百度搜索" source="E:\workspace\Lucky\logs\3\3\testcase.robot">
<kw name="Set Screenshot Directory" library="SeleniumLibrary" type="setup">
<doc>Sets the directory for captured screenshots.</doc>
<arguments>
<arg>E:/workspace/Lucky/logs/3/3/images</arg>
</arguments>
<status status="PASS" starttime="20190620 16:28:44.397" endtime="20190620 16:28:44.398"></status>
</kw>
<test id="s1-t1" name="2-2 初始化套件.初始化用例">
<kw name="Open Browser" library="SeleniumLibrary">
<doc>Opens a new browser instance to the given ``url``.</doc>
<arguments>
<arg>${URL}</arg>
<arg>${BROWSER}</arg>
</arguments>
<msg timestamp="20190620 16:28:44.399" level="INFO">Opening browser 'Chrome' to base url 'https://www.baidu.com'.</msg>
<msg timestamp="20190620 16:28:44.933" level="DEBUG">POST http://127.0.0.1:54934/session {"capabilities": {"firstMatch": [{}], "alwaysMatch": {"browserName": "chrome", "platformName": "any", "goog:chromeOptions": {"extensions": [], "args": []}}}, "desiredCapabilities": {"browserName": "chrome", "version": "", "platform": "ANY", "goog:chromeOptions": {"extensions": [], "args": []}}}</msg>
<msg timestamp="20190620 16:28:44.935" level="DEBUG">Starting new HTTP connection (1): 127.0.0.1:54934</msg>
<msg timestamp="20190620 16:28:46.957" level="DEBUG">http://127.0.0.1:54934 "POST /session HTTP/1.1" 200 1025</msg>
<msg timestamp="20190620 16:28:46.957" level="DEBUG">Finished Request</msg>
<msg timestamp="20190620 16:28:46.958" level="DEBUG">POST http://127.0.0.1:54934/session/ff57af9c26b59884961b856572fdd698/timeouts/async_script {"ms": 5000.0, "sessionId": "ff57af9c26b59884961b856572fdd698"}</msg>
<msg timestamp="20190620 16:28:46.959" level="DEBUG">http://127.0.0.1:54934 "POST /session/ff57af9c26b59884961b856572fdd698/timeouts/async_script HTTP/1.1" 200 72</msg>
<msg timestamp="20190620 16:28:46.959" level="DEBUG">Finished Request</msg>
<msg timestamp="20190620 16:28:46.959" level="DEBUG">POST http://127.0.0.1:54934/session/ff57af9c26b59884961b856572fdd698/timeouts/implicit_wait {"ms": 0.0, "sessionId": "ff57af9c26b59884961b856572fdd698"}</msg>
<msg timestamp="20190620 16:28:46.960" level="DEBUG">http://127.0.0.1:54934 "POST /session/ff57af9c26b59884961b856572fdd698/timeouts/implicit_wait HTTP/1.1" 200 72</msg>
<msg timestamp="20190620 16:28:46.960" level="DEBUG">Finished Request</msg>
<msg timestamp="20190620 16:28:46.960" level="DEBUG">POST http://127.0.0.1:54934/session/ff57af9c26b59884961b856572fdd698/url {"url": "https://www.baidu.com", "sessionId": "ff57af9c26b59884961b856572fdd698"}</msg>
<msg timestamp="20190620 16:28:47.768" level="DEBUG">http://127.0.0.1:54934 "POST /session/ff57af9c26b59884961b856572fdd698/url HTTP/1.1" 200 72</msg>
<msg timestamp="20190620 16:28:47.768" level="DEBUG">Finished Request</msg>
<msg timestamp="20190620 16:28:47.770" level="DEBUG">Opened browser with session id ff57af9c26b59884961b856572fdd698.</msg>
<status status="PASS" starttime="20190620 16:28:44.399" endtime="20190620 16:28:47.770"></status>
</kw>
<kw name="Maximize Browser Window" library="SeleniumLibrary">
<doc>Maximizes current browser window.</doc>
<msg timestamp="20190620 16:28:47.770" level="DEBUG">POST http://127.0.0.1:54934/session/ff57af9c26b59884961b856572fdd698/window/current/maximize {"windowHandle": "current", "sessionId": "ff57af9c26b59884961b856572fdd698"}</msg>
<msg timestamp="20190620 16:28:48.923" level="DEBUG">http://127.0.0.1:54934 "POST /session/ff57af9c26b59884961b856572fdd698/window/current/maximize HTTP/1.1" 200 110</msg>
<msg timestamp="20190620 16:28:48.923" level="DEBUG">Finished Request</msg>
<status status="PASS" starttime="20190620 16:28:47.770" endtime="20190620 16:28:48.924"></status>
</kw>
<status status="PASS" starttime="20190620 16:28:44.398" endtime="20190620 16:28:48.924" critical="yes"></status>
</test>
<test id="s1-t2" name="3-3 测试业务套件.测试用例">
<kw name="Input Text" library="SeleniumLibrary">
<doc>Types the given ``text`` into text field identified by ``locator``.</doc>
<arguments>
<arg>${input_kw}</arg>
<arg>${search_word}</arg>
</arguments>
<msg timestamp="20190620 16:28:48.925" level="INFO">Typing text '华为' into text field 'id=kw'.</msg>
<msg timestamp="20190620 16:28:48.926" level="DEBUG">POST http://127.0.0.1:54934/session/ff57af9c26b59884961b856572fdd698/elements {"using": "id", "value": "kw", "sessionId": "ff57af9c26b59884961b856572fdd698"}</msg>
<msg timestamp="20190620 16:28:48.939" level="DEBUG">http://127.0.0.1:54934 "POST /session/ff57af9c26b59884961b856572fdd698/elements HTTP/1.1" 200 104</msg>
<msg timestamp="20190620 16:28:48.939" level="DEBUG">Finished Request</msg>
<msg timestamp="20190620 16:28:48.939" level="DEBUG">POST http://127.0.0.1:54934/session/ff57af9c26b59884961b856572fdd698/element/0.3981660814523056-1/clear {"id": "0.3981660814523056-1", "sessionId": "ff57af9c26b59884961b856572fdd698"}</msg>
<msg timestamp="20190620 16:28:48.960" level="DEBUG">http://127.0.0.1:54934 "POST /session/ff57af9c26b59884961b856572fdd698/element/0.3981660814523056-1/clear HTTP/1.1" 200 72</msg>
<msg timestamp="20190620 16:28:48.960" level="DEBUG">Finished Request</msg>
<msg timestamp="20190620 16:28:48.960" level="DEBUG">POST http://127.0.0.1:54934/session/ff57af9c26b59884961b856572fdd698/element/0.3981660814523056-1/value {"text": "\u534e\u4e3a", "value": ["\u534e", "\u4e3a"], "id": "0.3981660814523056-1", "sessionId": "ff57af9c26b59884961b856572fdd698"}</msg>
<msg timestamp="20190620 16:28:49.022" level="DEBUG">http://127.0.0.1:54934 "POST /session/ff57af9c26b59884961b856572fdd698/element/0.3981660814523056-1/value HTTP/1.1" 200 72</msg>
<msg timestamp="20190620 16:28:49.022" level="DEBUG">Finished Request</msg>
<status status="PASS" starttime="20190620 16:28:48.925" endtime="20190620 16:28:49.022"></status>
</kw>
<kw name="Sleep" library="BuiltIn">
<doc>Pauses the test executed for the given time.</doc>
<arguments>
<arg>2</arg>
</arguments>
<msg timestamp="20190620 16:28:51.023" level="INFO">Slept 2 seconds</msg>
<status status="PASS" starttime="20190620 16:28:49.022" endtime="20190620 16:28:51.023"></status>
</kw>
<kw name="Capture Page Screenshot" library="SeleniumLibrary">
<doc>Takes screenshot of the current page and embeds it into log file.</doc>
<msg timestamp="20190620 16:28:51.025" level="DEBUG">GET http://127.0.0.1:54934/session/ff57af9c26b59884961b856572fdd698/screenshot {"sessionId": "ff57af9c26b59884961b856572fdd698"}</msg>
<msg timestamp="20190620 16:28:51.481" level="DEBUG">http://127.0.0.1:54934 "GET /session/ff57af9c26b59884961b856572fdd698/screenshot HTTP/1.1" 200 645574</msg>
<msg timestamp="20190620 16:28:51.485" level="DEBUG">Finished Request</msg>
<msg timestamp="20190620 16:28:51.488" level="INFO" html="yes">&lt;/td&gt;&lt;/tr&gt;&lt;tr&gt;&lt;td colspan="3"&gt;&lt;a href="images/selenium-screenshot-1.png"&gt;&lt;img src="images/selenium-screenshot-1.png" width="800px"&gt;&lt;/a&gt;</msg>
<status status="PASS" starttime="20190620 16:28:51.024" endtime="20190620 16:28:51.488"></status>
</kw>
<kw name="Sleep" library="BuiltIn">
<doc>Pauses the test executed for the given time.</doc>
<arguments>
<arg>5</arg>
</arguments>
<msg timestamp="20190620 16:28:56.489" level="INFO">Slept 5 seconds</msg>
<status status="PASS" starttime="20190620 16:28:51.489" endtime="20190620 16:28:56.489"></status>
</kw>
<kw name="Click Element" library="SeleniumLibrary">
<doc>Click element identified by ``locator``.</doc>
<arguments>
<arg>${search_btn}</arg>
</arguments>
<msg timestamp="20190620 16:28:56.489" level="INFO">Clicking element 'id=su'.</msg>
<msg timestamp="20190620 16:28:56.490" level="DEBUG">POST http://127.0.0.1:54934/session/ff57af9c26b59884961b856572fdd698/elements {"using": "id", "value": "su", "sessionId": "ff57af9c26b59884961b856572fdd698"}</msg>
<msg timestamp="20190620 16:28:56.500" level="DEBUG">http://127.0.0.1:54934 "POST /session/ff57af9c26b59884961b856572fdd698/elements HTTP/1.1" 200 104</msg>
<msg timestamp="20190620 16:28:56.501" level="DEBUG">Finished Request</msg>
<msg timestamp="20190620 16:28:56.501" level="DEBUG">POST http://127.0.0.1:54934/session/ff57af9c26b59884961b856572fdd698/element/0.3981660814523056-2/click {"id": "0.3981660814523056-2", "sessionId": "ff57af9c26b59884961b856572fdd698"}</msg>
<msg timestamp="20190620 16:28:56.559" level="DEBUG">http://127.0.0.1:54934 "POST /session/ff57af9c26b59884961b856572fdd698/element/0.3981660814523056-2/click HTTP/1.1" 200 72</msg>
<msg timestamp="20190620 16:28:56.560" level="DEBUG">Finished Request</msg>
<status status="PASS" starttime="20190620 16:28:56.489" endtime="20190620 16:28:56.560"></status>
</kw>
<kw name="Sleep" library="BuiltIn">
<doc>Pauses the test executed for the given time.</doc>
<arguments>
<arg>2</arg>
</arguments>
<msg timestamp="20190620 16:28:58.562" level="INFO">Slept 2 seconds</msg>
<status status="PASS" starttime="20190620 16:28:56.561" endtime="20190620 16:28:58.562"></status>
</kw>
<status status="PASS" starttime="20190620 16:28:48.924" endtime="20190620 16:28:58.563" critical="yes"></status>
</test>
<test id="s1-t3" name="3-4 测试业务套件.断言用例">
<kw name="Get Title" library="SeleniumLibrary">
<doc>Returns the title of current page.</doc>
<assign>
<var>${title}</var>
</assign>
<msg timestamp="20190620 16:28:58.570" level="DEBUG">GET http://127.0.0.1:54934/session/ff57af9c26b59884961b856572fdd698/title {"sessionId": "ff57af9c26b59884961b856572fdd698"}</msg>
<msg timestamp="20190620 16:28:58.584" level="DEBUG">http://127.0.0.1:54934 "GET /session/ff57af9c26b59884961b856572fdd698/title HTTP/1.1" 200 89</msg>
<msg timestamp="20190620 16:28:58.585" level="DEBUG">Finished Request</msg>
<msg timestamp="20190620 16:28:58.586" level="INFO">${title} = 华为_百度搜索</msg>
<status status="PASS" starttime="20190620 16:28:58.569" endtime="20190620 16:28:58.586"></status>
</kw>
<kw name="Should Be Equal" library="BuiltIn">
<doc>Fails if the given objects are unequal.</doc>
<arguments>
<arg>${title}</arg>
<arg>${search_result_title}</arg>
</arguments>
<msg timestamp="20190620 16:28:58.587" level="DEBUG">Argument types are:
&lt;type 'unicode'&gt;
&lt;type 'unicode'&gt;</msg>
<status status="PASS" starttime="20190620 16:28:58.586" endtime="20190620 16:28:58.587"></status>
</kw>
<status status="PASS" starttime="20190620 16:28:58.564" endtime="20190620 16:28:58.588" critical="yes"></status>
</test>
<test id="s1-t4" name="4-5 清理套件.清理用例">
<kw name="Close Browser" library="SeleniumLibrary">
<doc>Closes the current browser.</doc>
<msg timestamp="20190620 16:28:58.594" level="DEBUG">Closing browser with session id ff57af9c26b59884961b856572fdd698.</msg>
<msg timestamp="20190620 16:28:58.594" level="DEBUG">DELETE http://127.0.0.1:54934/session/ff57af9c26b59884961b856572fdd698 {"sessionId": "ff57af9c26b59884961b856572fdd698"}</msg>
<msg timestamp="20190620 16:28:58.636" level="DEBUG">http://127.0.0.1:54934 "DELETE /session/ff57af9c26b59884961b856572fdd698 HTTP/1.1" 200 72</msg>
<msg timestamp="20190620 16:28:58.636" level="DEBUG">Finished Request</msg>
<status status="PASS" starttime="20190620 16:28:58.593" endtime="20190620 16:29:01.004"></status>
</kw>
<status status="PASS" starttime="20190620 16:28:58.589" endtime="20190620 16:29:01.004" critical="yes"></status>
</test>
<kw name="Close All Browsers" library="SeleniumLibrary" type="teardown">
<doc>Closes all open browsers and resets the browser cache.</doc>
<msg timestamp="20190620 16:29:01.005" level="DEBUG">Closing all browsers.</msg>
<status status="PASS" starttime="20190620 16:29:01.005" endtime="20190620 16:29:01.005"></status>
</kw>
<status status="PASS" starttime="20190620 16:28:44.048" endtime="20190620 16:29:01.005"></status>
</suite>
<statistics>
<total>
<stat pass="4" fail="0">Critical Tests</stat>
<stat pass="4" fail="0">All Tests</stat>
</total>
<tag>
</tag>
<suite>
<stat pass="4" fail="0" id="s1" name="百度搜索">百度搜索</stat>
</suite>
</statistics>
<errors>
</errors>
</robot>
