<?xml version="1.0" encoding="UTF-8"?>
<robot generator="Robot 3.1.2 (Python 3.7.2 on win32)" generated="20190618 23:56:13.459" rpa="false">
<suite id="s1" name="百度1" source="E:\WorkSpace\Lucky\logs\1\9\testcase.robot">
<kw name="Set Screenshot Directory" library="SeleniumLibrary" type="setup">
<doc>Sets the directory for captured screenshots.</doc>
<arguments>
<arg>E:/WorkSpace/Lucky/logs/1/9/images</arg>
</arguments>
<status status="PASS" starttime="20190618 23:56:17.074" endtime="20190618 23:56:17.075"></status>
</kw>
<test id="s1-t1" name="7-9 初始化套件.初始化用例">
<kw name="Open Browser" library="SeleniumLibrary">
<doc>Opens a new browser instance to the given ``url``.</doc>
<arguments>
<arg>${URL}</arg>
<arg>${BROWSER}</arg>
</arguments>
<msg timestamp="20190618 23:56:17.083" level="INFO">Opening browser 'Chrome' to base url 'https://www.baidu.com/'.</msg>
<msg timestamp="20190618 23:56:18.210" level="DEBUG">POST http://127.0.0.1:51199/session {"capabilities": {"firstMatch": [{}], "alwaysMatch": {"browserName": "chrome", "platformName": "any", "goog:chromeOptions": {"extensions": [], "args": []}}}, "desiredCapabilities": {"browserName": "chrome", "version": "", "platform": "ANY", "goog:chromeOptions": {"extensions": [], "args": []}}}</msg>
<msg timestamp="20190618 23:56:18.213" level="DEBUG">Starting new HTTP connection (1): 127.0.0.1:51199</msg>
<msg timestamp="20190618 23:56:20.292" level="DEBUG">http://127.0.0.1:51199 "POST /session HTTP/1.1" 200 1030</msg>
<msg timestamp="20190618 23:56:20.294" level="DEBUG">Finished Request</msg>
<msg timestamp="20190618 23:56:20.295" level="DEBUG">POST http://127.0.0.1:51199/session/349e4e2215134f14de1c32284721511e/timeouts/async_script {"ms": 5000.0, "sessionId": "349e4e2215134f14de1c32284721511e"}</msg>
<msg timestamp="20190618 23:56:20.304" level="DEBUG">http://127.0.0.1:51199 "POST /session/349e4e2215134f14de1c32284721511e/timeouts/async_script HTTP/1.1" 200 72</msg>
<msg timestamp="20190618 23:56:20.305" level="DEBUG">Finished Request</msg>
<msg timestamp="20190618 23:56:20.306" level="DEBUG">POST http://127.0.0.1:51199/session/349e4e2215134f14de1c32284721511e/timeouts/implicit_wait {"ms": 0.0, "sessionId": "349e4e2215134f14de1c32284721511e"}</msg>
<msg timestamp="20190618 23:56:20.313" level="DEBUG">http://127.0.0.1:51199 "POST /session/349e4e2215134f14de1c32284721511e/timeouts/implicit_wait HTTP/1.1" 200 72</msg>
<msg timestamp="20190618 23:56:20.315" level="DEBUG">Finished Request</msg>
<msg timestamp="20190618 23:56:20.316" level="DEBUG">POST http://127.0.0.1:51199/session/349e4e2215134f14de1c32284721511e/url {"url": "https://www.baidu.com/", "sessionId": "349e4e2215134f14de1c32284721511e"}</msg>
<msg timestamp="20190618 23:56:23.463" level="DEBUG">http://127.0.0.1:51199 "POST /session/349e4e2215134f14de1c32284721511e/url HTTP/1.1" 200 72</msg>
<msg timestamp="20190618 23:56:23.463" level="DEBUG">Finished Request</msg>
<msg timestamp="20190618 23:56:23.464" level="DEBUG">Opened browser with session id 349e4e2215134f14de1c32284721511e.</msg>
<status status="PASS" starttime="20190618 23:56:17.082" endtime="20190618 23:56:23.464"></status>
</kw>
<kw name="Maximize Browser Window" library="SeleniumLibrary">
<doc>Maximizes current browser window.</doc>
<msg timestamp="20190618 23:56:23.466" level="DEBUG">POST http://127.0.0.1:51199/session/349e4e2215134f14de1c32284721511e/window/current/maximize {"windowHandle": "current", "sessionId": "349e4e2215134f14de1c32284721511e"}</msg>
<msg timestamp="20190618 23:56:23.684" level="DEBUG">http://127.0.0.1:51199 "POST /session/349e4e2215134f14de1c32284721511e/window/current/maximize HTTP/1.1" 200 109</msg>
<msg timestamp="20190618 23:56:23.685" level="DEBUG">Finished Request</msg>
<status status="PASS" starttime="20190618 23:56:23.465" endtime="20190618 23:56:23.686"></status>
</kw>
<status status="PASS" starttime="20190618 23:56:17.076" endtime="20190618 23:56:23.687" critical="yes"></status>
</test>
<test id="s1-t2" name="8-11 百度搜素测试套件.百度搜索用例">
<kw name="Input Text" library="SeleniumLibrary">
<doc>Types the given ``text`` into text field identified by ``locator``.</doc>
<arguments>
<arg>${input_kw}</arg>
<arg>${search_word}</arg>
</arguments>
<msg timestamp="20190618 23:56:23.708" level="INFO">Typing text '华为' into text field 'id=kw'.</msg>
<msg timestamp="20190618 23:56:23.708" level="DEBUG">POST http://127.0.0.1:51199/session/349e4e2215134f14de1c32284721511e/elements {"using": "id", "value": "kw", "sessionId": "349e4e2215134f14de1c32284721511e"}</msg>
<msg timestamp="20190618 23:56:23.902" level="DEBUG">http://127.0.0.1:51199 "POST /session/349e4e2215134f14de1c32284721511e/elements HTTP/1.1" 200 104</msg>
<msg timestamp="20190618 23:56:23.903" level="DEBUG">Finished Request</msg>
<msg timestamp="20190618 23:56:23.904" level="DEBUG">POST http://127.0.0.1:51199/session/349e4e2215134f14de1c32284721511e/element/0.9520671813909949-1/clear {"id": "0.9520671813909949-1", "sessionId": "349e4e2215134f14de1c32284721511e"}</msg>
<msg timestamp="20190618 23:56:24.050" level="DEBUG">http://127.0.0.1:51199 "POST /session/349e4e2215134f14de1c32284721511e/element/0.9520671813909949-1/clear HTTP/1.1" 200 72</msg>
<msg timestamp="20190618 23:56:24.051" level="DEBUG">Finished Request</msg>
<msg timestamp="20190618 23:56:24.052" level="DEBUG">POST http://127.0.0.1:51199/session/349e4e2215134f14de1c32284721511e/element/0.9520671813909949-1/value {"text": "\u534e\u4e3a", "value": ["\u534e", "\u4e3a"], "id": "0.9520671813909949-1", "sessionId": "349e4e2215134f14de1c32284721511e"}</msg>
<msg timestamp="20190618 23:56:24.551" level="DEBUG">http://127.0.0.1:51199 "POST /session/349e4e2215134f14de1c32284721511e/element/0.9520671813909949-1/value HTTP/1.1" 200 72</msg>
<msg timestamp="20190618 23:56:24.552" level="DEBUG">Finished Request</msg>
<status status="PASS" starttime="20190618 23:56:23.706" endtime="20190618 23:56:24.554"></status>
</kw>
<kw name="Capture Page Screenshot" library="SeleniumLibrary">
<doc>Takes screenshot of the current page and embeds it into log file.</doc>
<msg timestamp="20190618 23:56:24.558" level="DEBUG">GET http://127.0.0.1:51199/session/349e4e2215134f14de1c32284721511e/screenshot {"sessionId": "349e4e2215134f14de1c32284721511e"}</msg>
<msg timestamp="20190618 23:56:25.246" level="DEBUG">http://127.0.0.1:51199 "GET /session/349e4e2215134f14de1c32284721511e/screenshot HTTP/1.1" 200 26126</msg>
<msg timestamp="20190618 23:56:25.248" level="DEBUG">Finished Request</msg>
<msg timestamp="20190618 23:56:25.275" level="INFO" html="yes">&lt;/td&gt;&lt;/tr&gt;&lt;tr&gt;&lt;td colspan="3"&gt;&lt;a href="images/selenium-screenshot-1.png"&gt;&lt;img src="images/selenium-screenshot-1.png" width="800px"&gt;&lt;/a&gt;</msg>
<status status="PASS" starttime="20190618 23:56:24.555" endtime="20190618 23:56:25.276"></status>
</kw>
<kw name="Sleep" library="BuiltIn">
<doc>Pauses the test executed for the given time.</doc>
<arguments>
<arg>3</arg>
</arguments>
<msg timestamp="20190618 23:56:28.278" level="INFO">Slept 3 seconds</msg>
<status status="PASS" starttime="20190618 23:56:25.277" endtime="20190618 23:56:28.278"></status>
</kw>
<kw name="Click Button" library="SeleniumLibrary">
<doc>Clicks button identified by ``locator``.</doc>
<arguments>
<arg>${search_btn}</arg>
</arguments>
<msg timestamp="20190618 23:56:28.280" level="INFO">Clicking button 'id=su'.</msg>
<msg timestamp="20190618 23:56:28.281" level="DEBUG">POST http://127.0.0.1:51199/session/349e4e2215134f14de1c32284721511e/elements {"using": "id", "value": "su", "sessionId": "349e4e2215134f14de1c32284721511e"}</msg>
<msg timestamp="20190618 23:56:30.208" level="DEBUG">http://127.0.0.1:51199 "POST /session/349e4e2215134f14de1c32284721511e/elements HTTP/1.1" 200 104</msg>
<msg timestamp="20190618 23:56:30.209" level="DEBUG">Finished Request</msg>
<msg timestamp="20190618 23:56:30.210" level="DEBUG">GET http://127.0.0.1:51199/session/349e4e2215134f14de1c32284721511e/element/0.9520671813909949-2/name {"id": "0.9520671813909949-2", "sessionId": "349e4e2215134f14de1c32284721511e"}</msg>
<msg timestamp="20190618 23:56:30.591" level="DEBUG">http://127.0.0.1:51199 "GET /session/349e4e2215134f14de1c32284721511e/element/0.9520671813909949-2/name HTTP/1.1" 200 75</msg>
<msg timestamp="20190618 23:56:30.592" level="DEBUG">Finished Request</msg>
<msg timestamp="20190618 23:56:30.593" level="DEBUG">POST http://127.0.0.1:51199/session/349e4e2215134f14de1c32284721511e/element/0.9520671813909949-2/click {"id": "0.9520671813909949-2", "sessionId": "349e4e2215134f14de1c32284721511e"}</msg>
<msg timestamp="20190618 23:56:30.904" level="DEBUG">http://127.0.0.1:51199 "POST /session/349e4e2215134f14de1c32284721511e/element/0.9520671813909949-2/click HTTP/1.1" 200 72</msg>
<msg timestamp="20190618 23:56:30.906" level="DEBUG">Finished Request</msg>
<status status="PASS" starttime="20190618 23:56:28.279" endtime="20190618 23:56:30.907"></status>
</kw>
<kw name="Sleep" library="BuiltIn">
<doc>Pauses the test executed for the given time.</doc>
<arguments>
<arg>5</arg>
</arguments>
<msg timestamp="20190618 23:56:35.909" level="INFO">Slept 5 seconds</msg>
<status status="PASS" starttime="20190618 23:56:30.908" endtime="20190618 23:56:35.909"></status>
</kw>
<status status="PASS" starttime="20190618 23:56:23.692" endtime="20190618 23:56:35.910" critical="yes"></status>
</test>
<test id="s1-t3" name="8-12 百度搜素测试套件.百度搜索断言用例">
<kw name="Get Title" library="SeleniumLibrary">
<doc>Returns the title of current page.</doc>
<assign>
<var>${title}</var>
</assign>
<msg timestamp="20190618 23:56:35.922" level="DEBUG">GET http://127.0.0.1:51199/session/349e4e2215134f14de1c32284721511e/title {"sessionId": "349e4e2215134f14de1c32284721511e"}</msg>
<msg timestamp="20190618 23:56:35.946" level="DEBUG">http://127.0.0.1:51199 "GET /session/349e4e2215134f14de1c32284721511e/title HTTP/1.1" 200 89</msg>
<msg timestamp="20190618 23:56:35.947" level="DEBUG">Finished Request</msg>
<msg timestamp="20190618 23:56:35.948" level="INFO">${title} = 华为_百度搜索</msg>
<status status="PASS" starttime="20190618 23:56:35.921" endtime="20190618 23:56:35.949"></status>
</kw>
<kw name="Should Be Equal" library="BuiltIn">
<doc>Fails if the given objects are unequal.</doc>
<arguments>
<arg>${title}</arg>
<arg>${search_result_title}</arg>
</arguments>
<msg timestamp="20190618 23:56:35.951" level="DEBUG">Argument types are:
&lt;type 'unicode'&gt;
&lt;type 'unicode'&gt;</msg>
<status status="PASS" starttime="20190618 23:56:35.950" endtime="20190618 23:56:35.952"></status>
</kw>
<status status="PASS" starttime="20190618 23:56:35.912" endtime="20190618 23:56:35.953" critical="yes"></status>
</test>
<test id="s1-t4" name="9-13 清理套件.清理用例">
<kw name="Close Browser" library="SeleniumLibrary">
<doc>Closes the current browser.</doc>
<msg timestamp="20190618 23:56:35.964" level="DEBUG">Closing browser with session id 349e4e2215134f14de1c32284721511e.</msg>
<msg timestamp="20190618 23:56:35.965" level="DEBUG">DELETE http://127.0.0.1:51199/session/349e4e2215134f14de1c32284721511e {"sessionId": "349e4e2215134f14de1c32284721511e"}</msg>
<msg timestamp="20190618 23:56:36.146" level="DEBUG">http://127.0.0.1:51199 "DELETE /session/349e4e2215134f14de1c32284721511e HTTP/1.1" 200 72</msg>
<msg timestamp="20190618 23:56:36.148" level="DEBUG">Finished Request</msg>
<status status="PASS" starttime="20190618 23:56:35.962" endtime="20190618 23:56:37.450"></status>
</kw>
<status status="PASS" starttime="20190618 23:56:35.955" endtime="20190618 23:56:37.451" critical="yes"></status>
</test>
<kw name="Close All Browsers" library="SeleniumLibrary" type="teardown">
<doc>Closes all open browsers and resets the browser cache.</doc>
<msg timestamp="20190618 23:56:37.455" level="DEBUG">Closing all browsers.</msg>
<status status="PASS" starttime="20190618 23:56:37.454" endtime="20190618 23:56:37.455"></status>
</kw>
<status status="PASS" starttime="20190618 23:56:13.480" endtime="20190618 23:56:37.455"></status>
</suite>
<statistics>
<total>
<stat pass="4" fail="0">Critical Tests</stat>
<stat pass="4" fail="0">All Tests</stat>
</total>
<tag>
</tag>
<suite>
<stat pass="4" fail="0" id="s1" name="百度1">百度1</stat>
</suite>
</statistics>
<errors>
</errors>
</robot>
